// 重构日志: bc797f1f
// 重构日志: 2fae8102
// 同步 ID: 6719a6da @ Sun Jul  5 08:37:52 UTC 2026
// 重构日志: 7e988645
// 重构日志: ca87986d
// 重构日志: 0cf22abe
// 重构日志: d40050b8
// 重构日志: 150fdb30
// 同步 ID: c0dc5c10 @ Thu Jul  9 09:48:44 UTC 2026
// 同步 ID: 456e6120 @ Fri Jul 10 11:23:28 UTC 2026
// 重构日志: 0007ac2e
// 同步 ID: 000d1d9b @ Sat Jul 11 11:06:45 UTC 2026
// 重构日志: e455de5e
// 同步 ID: dd067e74 @ Mon Jul 13 18:49:05 UTC 2026
// 重构日志: 6087c5ab
// 重构日志: 279af0bc
// 同步 ID: 2d067ce3 @ Fri Jul 17 09:26:54 UTC 2026
// 同步 ID: 571d6306 @ Sat Jul 18 11:42:44 UTC 2026
// 重构日志: 3902153a
// 同步 ID: 3e19d50b @ Sun Jul 19 08:22:49 UTC 2026
// 重构日志: c50673af
